<?xml version="1.0" encoding="UTF-8"?>
<!-- Generated by org.testng.reporters.JUnitReportReporter -->
<testsuite skipped="0" hostname="inlen8520026352" name="com.inetBanking.testCases.TC_LoginDDT_002" tests="6" failures="0" timestamp="06 Jul 2022 18:21:12 GMT" time="56.256" errors="0">
  <testcase name="loginDDT" time="9.156" classname="com.inetBanking.testCases.TC_LoginDDT_002"/>
  <testcase name="loginDDT" time="9.645" classname="com.inetBanking.testCases.TC_LoginDDT_002"/>
  <testcase name="loginDDT" time="9.400" classname="com.inetBanking.testCases.TC_LoginDDT_002"/>
  <testcase name="loginDDT" time="9.347" classname="com.inetBanking.testCases.TC_LoginDDT_002"/>
  <testcase name="loginDDT" time="9.317" classname="com.inetBanking.testCases.TC_LoginDDT_002"/>
  <testcase name="loginDDT" time="9.391" classname="com.inetBanking.testCases.TC_LoginDDT_002"/>
</testsuite> <!-- com.inetBanking.testCases.TC_LoginDDT_002 -->
