<?xml version="1.0" encoding="UTF-8"?>
<!-- Generated by org.testng.reporters.JUnitReportReporter -->
<testsuite skipped="0" hostname="inlen8520026352" name="com.inetBanking.testCases.TC_LoginTest_001" tests="1" failures="0" timestamp="06 Jul 2022 18:21:12 GMT" time="3.189" errors="0">
  <testcase name="loginTest" time="3.189" classname="com.inetBanking.testCases.TC_LoginTest_001"/>
</testsuite> <!-- com.inetBanking.testCases.TC_LoginTest_001 -->
